<?xml version="1.0" encoding="UTF-8"?>
<testsuite xmlns:xsi="http://www.w3.org/2001/XMLSchema-instance" xsi:noNamespaceSchemaLocation="https://maven.apache.org/surefire/maven-surefire-plugin/xsd/surefire-test-report-3.0.xsd" version="3.0" name="com.example.reminder.ReminderApplicationTests" time="6.75" tests="1" errors="0" skipped="0" failures="0">
  <properties>
[...]
</properties>
  <testcase name="contextLoads" classname="com.example.reminder.ReminderApplicationTests" time="0.559">
    <system-out><![CDATA[16:04:44.263 [main] INFO org.springframework.test.context.support.AnnotationConfigContextLoaderUtils -- Could not detect default configuration classes for test class [com.example.reminder.ReminderApplicationTests]: ReminderApplicationTests does not declare any static, non-private, non-final, nested classes annotated with @Configuration.
16:04:44.402 [main] INFO org.springframework.boot.test.context.SpringBootTestContextBootstrapper -- Found @SpringBootConfiguration com.example.reminder.ReminderApplication for test class com.example.reminder.ReminderApplicationTests

  .   ____          _            __ _ _
 /\\ / ___'_ __ _ _(_)_ __  __ _ \ \ \ \
( ( )\___ | '_ | '_| | '_ \/ _` | \ \ \ \
 \\/  ___)| |_)| | | | | || (_| |  ) ) ) )
  '  |____| .__|_| |_|_| |_\__, | / / / /
 =========|_|==============|___/=/_/_/_/

 :: Spring Boot ::                (v3.3.4)

2025-10-17T16:04:44.934+02:00  INFO 25800 --- [reminder] [           main] c.e.reminder.ReminderApplicationTests    : Starting ReminderApplicationTests using Java 21.0.8 with PID 25800 (started by zhila in C:\Java-Spring\reminder)
2025-10-17T16:04:44.936+02:00  INFO 25800 --- [reminder] [           main] c.e.reminder.ReminderApplicationTests    : No active profile set, falling back to 1 default profile: "default"
2025-10-17T16:04:45.925+02:00  INFO 25800 --- [reminder] [           main] .s.d.r.c.RepositoryConfigurationDelegate : Bootstrapping Spring Data JPA repositories in DEFAULT mode.
2025-10-17T16:04:45.997+02:00  INFO 25800 --- [reminder] [           main] .s.d.r.c.RepositoryConfigurationDelegate : Finished Spring Data repository scanning in 64 ms. Found 1 JPA repository interface.
2025-10-17T16:04:46.641+02:00  INFO 25800 --- [reminder] [           main] o.hibernate.jpa.internal.util.LogHelper  : HHH000204: Processing PersistenceUnitInfo [name: default]
2025-10-17T16:04:46.814+02:00  INFO 25800 --- [reminder] [           main] org.hibernate.Version                    : HHH000412: Hibernate ORM core version 6.5.3.Final
2025-10-17T16:04:46.890+02:00  INFO 25800 --- [reminder] [           main] o.h.c.internal.RegionFactoryInitiator    : HHH000026: Second-level cache disabled
2025-10-17T16:04:47.395+02:00  INFO 25800 --- [reminder] [           main] o.s.o.j.p.SpringPersistenceUnitInfo      : No LoadTimeWeaver setup: ignoring JPA class transformer
2025-10-17T16:04:47.433+02:00  INFO 25800 --- [reminder] [           main] com.zaxxer.hikari.HikariDataSource       : HikariPool-1 - Starting...
2025-10-17T16:04:47.626+02:00  INFO 25800 --- [reminder] [           main] com.zaxxer.hikari.pool.HikariPool        : HikariPool-1 - Added connection com.mysql.cj.jdbc.ConnectionImpl@1a84a8b2
2025-10-17T16:04:47.628+02:00  INFO 25800 --- [reminder] [           main] com.zaxxer.hikari.HikariDataSource       : HikariPool-1 - Start completed.
2025-10-17T16:04:47.671+02:00  WARN 25800 --- [reminder] [           main] org.hibernate.orm.deprecation            : HHH90000025: MySQL8Dialect does not need to be specified explicitly using 'hibernate.dialect' (remove the property setting and it will be selected by default)
2025-10-17T16:04:47.673+02:00  WARN 25800 --- [reminder] [           main] org.hibernate.orm.deprecation            : HHH90000026: MySQL8Dialect has been deprecated; use org.hibernate.dialect.MySQLDialect instead
2025-10-17T16:04:48.750+02:00  INFO 25800 --- [reminder] [           main] o.h.e.t.j.p.i.JtaPlatformInitiator       : HHH000489: No JTA platform available (set 'hibernate.transaction.jta.platform' to enable JTA platform integration)
2025-10-17T16:04:48.811+02:00  INFO 25800 --- [reminder] [           main] j.LocalContainerEntityManagerFactoryBean : Initialized JPA EntityManagerFactory for persistence unit 'default'
2025-10-17T16:04:49.622+02:00  WARN 25800 --- [reminder] [           main] JpaBaseConfiguration$JpaWebConfiguration : spring.jpa.open-in-view is enabled by default. Therefore, database queries may be performed during view rendering. Explicitly configure spring.jpa.open-in-view to disable this warning
2025-10-17T16:04:50.218+02:00  INFO 25800 --- [reminder] [           main] c.e.reminder.ReminderApplicationTests    : Started ReminderApplicationTests in 5.629 seconds (process running for 6.89)
]]></system-out>
    <system-err><![CDATA[WARNING: A Java agent has been loaded dynamically (C:\Users\zhila\.m2\repository\net\bytebuddy\byte-buddy-agent\1.14.19\byte-buddy-agent-1.14.19.jar)
WARNING: If a serviceability tool is in use, please run with -XX:+EnableDynamicAgentLoading to hide this warning
WARNING: If a serviceability tool is not in use, please run with -Djdk.instrument.traceUsage for more information
WARNING: Dynamic loading of agents will be disallowed by default in a future release
]]></system-err>
  </testcase>
</testsuite>